<?xml version="1.0" encoding="UTF-8"?>
<!-- Generated by org.testng.reporters.JUnitReportReporter -->
<testsuite hostname="LAPTOP-H91286KS" failures="0" tests="1" name="testng.OneTestCaseExample" time="0.006" errors="0" timestamp="20 Jul 2024 16:40:10 GMT" skipped="0">
  <testcase classname="testng.OneTestCaseExample" name="TestCase01" time="0.006"/>
</testsuite> <!-- testng.OneTestCaseExample -->
