<?xml version="1.0" encoding="UTF-8"?>
<!-- Generated by org.testng.reporters.JUnitReportReporter -->
<testsuite hostname="LAPTOP-H91286KS" failures="0" tests="1" name="testng.MultipleTCExample" time="0.005" errors="0" timestamp="20 Jul 2024 16:26:21 GMT" skipped="0">
  <testcase classname="testng.MultipleTCExample" name="TC_04" time="0.005"/>
</testsuite> <!-- testng.MultipleTCExample -->
